#! /c/Source/iverilog-install/bin/vvp
:ivl_version "12.0 (devel)" "(s20150603-1539-g2693dd32b)";
:ivl_delay_selection "TYPICAL";
:vpi_time_precision + 0;
:vpi_module "C:\iverilog\lib\ivl\system.vpi";
:vpi_module "C:\iverilog\lib\ivl\vhdl_sys.vpi";
:vpi_module "C:\iverilog\lib\ivl\vhdl_textio.vpi";
:vpi_module "C:\iverilog\lib\ivl\v2005_math.vpi";
:vpi_module "C:\iverilog\lib\ivl\va_math.vpi";
S_0000025112fec5d0 .scope module, "FloatingPointConvert" "FloatingPointConvert" 2 18;
 .timescale 0 0;
    .port_info 0 /INPUT 12 "absoluteNum";
    .port_info 1 /OUTPUT 3 "exponent";
    .port_info 2 /OUTPUT 4 "significand";
    .port_info 3 /OUTPUT 1 "fifth_bit";
o0000025112ff1fb8 .functor BUFZ 12, C4<zzzzzzzzzzzz>; HiZ drive
v0000025112fb2fe0_0 .net "absoluteNum", 11 0, o0000025112ff1fb8;  0 drivers
v0000025112fb2bf0_0 .var "exponent", 2 0;
v0000025112fe6570_0 .var "fifth_bit", 0 0;
v0000025112fe6610_0 .var "significand", 3 0;
E_0000025112fd8dd0 .event anyedge, v0000025112fb2fe0_0;
S_0000025112fec760 .scope module, "Rounding" "Rounding" 2 72;
 .timescale 0 0;
    .port_info 0 /INPUT 4 "exponent";
    .port_info 1 /INPUT 1 "fifth_bit";
    .port_info 2 /INPUT 5 "significand";
    .port_info 3 /OUTPUT 3 "E";
    .port_info 4 /OUTPUT 4 "F";
v0000025112fe66b0_0 .var "E", 2 0;
v0000025112fe6750_0 .var "F", 3 0;
v0000025113042830_0 .var "exp_Store", 3 0;
o0000025112ff21c8 .functor BUFZ 4, C4<zzzz>; HiZ drive
v00000251130428d0_0 .net "exponent", 3 0, o0000025112ff21c8;  0 drivers
v0000025113042970_0 .var "fifth_Store", 0 0;
o0000025112ff2228 .functor BUFZ 1, C4<z>; HiZ drive
v0000025113042a10_0 .net "fifth_bit", 0 0, o0000025112ff2228;  0 drivers
v0000025113042ab0_0 .var "sig_Store", 4 0;
o0000025112ff2288 .functor BUFZ 5, C4<zzzzz>; HiZ drive
v0000025113042b50_0 .net "significand", 4 0, o0000025112ff2288;  0 drivers
E_0000025112fd96d0 .event anyedge, v0000025113042970_0, v0000025113042ab0_0, v0000025113042830_0;
S_0000025112fe63e0 .scope module, "TwosToSignMag" "TwosToSignMag" 2 1;
 .timescale 0 0;
    .port_info 0 /INPUT 12 "d";
    .port_info 1 /OUTPUT 12 "absoluteNum";
    .port_info 2 /OUTPUT 1 "sign";
v0000025113042bf0_0 .var "absoluteNum", 11 0;
o0000025112ff23d8 .functor BUFZ 12, C4<zzzzzzzzzzzz>; HiZ drive
v0000025113042c90_0 .net "d", 11 0, o0000025112ff23d8;  0 drivers
v0000025113043820_0 .var "sign", 0 0;
E_0000025112fd8b50 .event anyedge, v0000025113042c90_0, v0000025113043820_0;
    .scope S_0000025112fec5d0;
T_0 ;
    %wait E_0000025112fd8dd0;
    %pushi/vec4 0, 0, 3;
    %store/vec4 v0000025112fb2bf0_0, 0, 3;
    %load/vec4 v0000025112fb2fe0_0;
    %parti/s 4, 0, 2;
    %store/vec4 v0000025112fe6610_0, 0, 4;
    %pushi/vec4 0, 0, 1;
    %store/vec4 v0000025112fe6570_0, 0, 1;
    %load/vec4 v0000025112fb2fe0_0;
    %parti/s 1, 10, 5;
    %flag_set/vec4 8;
    %jmp/0xz  T_0.0, 8;
    %pushi/vec4 7, 0, 3;
    %store/vec4 v0000025112fb2bf0_0, 0, 3;
    %load/vec4 v0000025112fb2fe0_0;
    %parti/s 4, 6, 4;
    %store/vec4 v0000025112fe6610_0, 0, 4;
    %load/vec4 v0000025112fb2fe0_0;
    %parti/s 1, 5, 4;
    %store/vec4 v0000025112fe6570_0, 0, 1;
    %jmp T_0.1;
T_0.0 ;
    %load/vec4 v0000025112fb2fe0_0;
    %parti/s 1, 9, 5;
    %flag_set/vec4 8;
    %jmp/0xz  T_0.2, 8;
    %pushi/vec4 6, 0, 3;
    %store/vec4 v0000025112fb2bf0_0, 0, 3;
    %load/vec4 v0000025112fb2fe0_0;
    %parti/s 4, 5, 4;
    %store/vec4 v0000025112fe6610_0, 0, 4;
    %load/vec4 v0000025112fb2fe0_0;
    %parti/s 1, 4, 4;
    %store/vec4 v0000025112fe6570_0, 0, 1;
    %jmp T_0.3;
T_0.2 ;
    %load/vec4 v0000025112fb2fe0_0;
    %parti/s 1, 8, 5;
    %flag_set/vec4 8;
    %jmp/0xz  T_0.4, 8;
    %pushi/vec4 5, 0, 3;
    %store/vec4 v0000025112fb2bf0_0, 0, 3;
    %load/vec4 v0000025112fb2fe0_0;
    %parti/s 4, 4, 4;
    %store/vec4 v0000025112fe6610_0, 0, 4;
    %load/vec4 v0000025112fb2fe0_0;
    %parti/s 1, 3, 3;
    %store/vec4 v0000025112fe6570_0, 0, 1;
    %jmp T_0.5;
T_0.4 ;
    %load/vec4 v0000025112fb2fe0_0;
    %parti/s 1, 7, 4;
    %flag_set/vec4 8;
    %jmp/0xz  T_0.6, 8;
    %pushi/vec4 4, 0, 3;
    %store/vec4 v0000025112fb2bf0_0, 0, 3;
    %load/vec4 v0000025112fb2fe0_0;
    %parti/s 4, 3, 3;
    %store/vec4 v0000025112fe6610_0, 0, 4;
    %load/vec4 v0000025112fb2fe0_0;
    %parti/s 1, 2, 3;
    %store/vec4 v0000025112fe6570_0, 0, 1;
    %jmp T_0.7;
T_0.6 ;
    %load/vec4 v0000025112fb2fe0_0;
    %parti/s 1, 6, 4;
    %flag_set/vec4 8;
    %jmp/0xz  T_0.8, 8;
    %pushi/vec4 3, 0, 3;
    %store/vec4 v0000025112fb2bf0_0, 0, 3;
    %load/vec4 v0000025112fb2fe0_0;
    %parti/s 4, 2, 3;
    %store/vec4 v0000025112fe6610_0, 0, 4;
    %load/vec4 v0000025112fb2fe0_0;
    %parti/s 1, 1, 2;
    %store/vec4 v0000025112fe6570_0, 0, 1;
    %jmp T_0.9;
T_0.8 ;
    %load/vec4 v0000025112fb2fe0_0;
    %parti/s 1, 5, 4;
    %flag_set/vec4 8;
    %jmp/0xz  T_0.10, 8;
    %pushi/vec4 2, 0, 3;
    %store/vec4 v0000025112fb2bf0_0, 0, 3;
    %load/vec4 v0000025112fb2fe0_0;
    %parti/s 4, 1, 2;
    %store/vec4 v0000025112fe6610_0, 0, 4;
    %load/vec4 v0000025112fb2fe0_0;
    %parti/s 1, 0, 2;
    %store/vec4 v0000025112fe6570_0, 0, 1;
    %jmp T_0.11;
T_0.10 ;
    %load/vec4 v0000025112fb2fe0_0;
    %parti/s 1, 4, 4;
    %flag_set/vec4 8;
    %jmp/0xz  T_0.12, 8;
    %pushi/vec4 1, 0, 3;
    %store/vec4 v0000025112fb2bf0_0, 0, 3;
    %load/vec4 v0000025112fb2fe0_0;
    %parti/s 4, 0, 2;
    %store/vec4 v0000025112fe6610_0, 0, 4;
    %pushi/vec4 0, 0, 1;
    %store/vec4 v0000025112fe6570_0, 0, 1;
T_0.12 ;
T_0.11 ;
T_0.9 ;
T_0.7 ;
T_0.5 ;
T_0.3 ;
T_0.1 ;
    %jmp T_0;
    .thread T_0, $push;
    .scope S_0000025112fec760;
T_1 ;
    %wait E_0000025112fd96d0;
    %load/vec4 v0000025113042970_0;
    %pad/u 32;
    %cmpi/e 1, 0, 32;
    %jmp/0xz  T_1.0, 4;
    %load/vec4 v0000025113042ab0_0;
    %addi 1, 0, 5;
    %store/vec4 v0000025113042ab0_0, 0, 5;
    %load/vec4 v0000025113042ab0_0;
    %parti/s 1, 4, 4;
    %pad/u 32;
    %cmpi/e 1, 0, 32;
    %jmp/0xz  T_1.2, 4;
    %load/vec4 v0000025113042830_0;
    %addi 1, 0, 4;
    %store/vec4 v0000025113042830_0, 0, 4;
    %load/vec4 v0000025113042ab0_0;
    %ix/load 4, 1, 0;
    %flag_set/imm 4, 0;
    %shiftr 4;
    %store/vec4 v0000025113042ab0_0, 0, 5;
    %load/vec4 v0000025113042830_0;
    %parti/s 1, 3, 3;
    %pad/u 32;
    %cmpi/e 1, 0, 32;
    %jmp/0xz  T_1.4, 4;
    %pushi/vec4 7, 0, 4;
    %store/vec4 v0000025113042830_0, 0, 4;
    %pushi/vec4 15, 0, 5;
    %store/vec4 v0000025113042ab0_0, 0, 5;
T_1.4 ;
T_1.2 ;
T_1.0 ;
    %load/vec4 v0000025113042830_0;
    %parti/s 3, 0, 2;
    %store/vec4 v0000025112fe66b0_0, 0, 3;
    %load/vec4 v0000025113042ab0_0;
    %parti/s 4, 0, 2;
    %store/vec4 v0000025112fe6750_0, 0, 4;
    %jmp T_1;
    .thread T_1, $push;
    .scope S_0000025112fe63e0;
T_2 ;
    %wait E_0000025112fd8b50;
    %load/vec4 v0000025113042c90_0;
    %parti/s 1, 11, 5;
    %store/vec4 v0000025113043820_0, 0, 1;
    %load/vec4 v0000025113043820_0;
    %pad/u 32;
    %cmpi/e 1, 0, 32;
    %jmp/0xz  T_2.0, 4;
    %load/vec4 v0000025113042c90_0;
    %inv;
    %addi 1, 0, 12;
    %assign/vec4 v0000025113042bf0_0, 0;
    %jmp T_2.1;
T_2.0 ;
    %load/vec4 v0000025113042c90_0;
    %assign/vec4 v0000025113042bf0_0, 0;
T_2.1 ;
    %jmp T_2;
    .thread T_2, $push;
# The file index is used to find the file name in the following table.
:file_names 3;
    "N/A";
    "<interactive>";
    "fpcvt.v";
